<?xml version="1.0" encoding="UTF-8"?>
<!-- Generated by org.testng.reporters.JUnitReportReporter -->
<testsuite hostname="User-PC" failures="0" tests="10" name="test.java.ua.ukrnet.test.MsgListPageTests" time="34.182" errors="0" timestamp="2022-02-20T12:32:10 MSK" skipped="0">
  <testcase classname="test.java.ua.ukrnet.test.MsgListPageTests" name="isDisabledHeaderOptionsByDefault" time="2.640"/>
  <system-out/>
  <testcase classname="test.java.ua.ukrnet.test.MsgListPageTests" name="isEnabledHeaderOptions" time="4.249"/>
  <system-out/>
  <testcase classname="test.java.ua.ukrnet.test.MsgListPageTests" name="sendLetterWithoutRecipient" time="2.262"/>
  <system-out/>
  <testcase classname="test.java.ua.ukrnet.test.MsgListPageTests" name="checkComponents" time="1.005"/>
  <system-out/>
  <testcase classname="test.java.ua.ukrnet.test.MsgListPageTests" name="checkRightSideComponents" time="0.922"/>
  <system-out/>
  <testcase classname="test.java.ua.ukrnet.test.MsgListPageTests" name="getAlertSendTheLetterWithoutRecipient" time="7.071"/>
  <system-out/>
  <testcase classname="test.java.ua.ukrnet.test.MsgListPageTests" name="cancelTheLetter" time="11.083"/>
  <system-out/>
  <testcase classname="test.java.ua.ukrnet.test.MsgListPageTests" name="checkURL" time="0.315"/>
  <system-out/>
  <testcase classname="test.java.ua.ukrnet.test.MsgListPageTests" name="sendTheLetterAndVerify" time="3.225"/>
  <system-out/>
  <testcase classname="test.java.ua.ukrnet.test.MsgListPageTests" name="sendLetterWithoutSubject" time="1.410"/>
  <system-out/>
</testsuite> <!-- test.java.ua.ukrnet.test.MsgListPageTests -->
